University_projects/DAVE3600-1 21H Apputvikling/App3/build/intermediates/manifest_merge_blame_file/debug/manifest-merger-blame-debug-report.txt
1<?xml version="1.0" encoding="utf-8"?>
2<manifest xmlns:android="http://schemas.android.com/apk/res/android"
3    package="com.example.s344224mappe3"
4    android:versionCode="1"
5    android:versionName="1.0" >
6
7    <uses-sdk
8        android:minSdkVersion="23"
8-->src\main\AndroidManifest.xml
9        android:targetSdkVersion="31" />
9-->src\main\AndroidManifest.xml
10    <!--
11         The ACCESS_COARSE/FINE_LOCATION permissions are not required to use
12         Google Maps Android API v2, but you must specify either coarse or fine
13         location permissions for the "MyLocation" functionality.
14    -->
15    <uses-permission android:name="android.permission.ACCESS_FINE_LOCATION" />
15-->src\main\AndroidManifest.xml:10:5-12:45
15-->src\main\AndroidManifest.xml:11:9-63
16    <uses-permission android:name="android.permission.INTERNET" />
16-->src\main\AndroidManifest.xml:13:5-67
16-->src\main\AndroidManifest.xml:13:22-64
17    <uses-permission android:name="android.permission.ACCESS_WIFI_STATE" /> <!-- Include required permissions for Google Maps API to run. -->
17-->[com.google.android.libraries.places:places:2.5.0] AndroidManifest.xml:10:5-76
17-->[com.google.android.libraries.places:places:2.5.0] AndroidManifest.xml:10:22-73
18    <uses-permission android:name="android.permission.ACCESS_NETWORK_STATE" />
18-->[com.google.android.gms:play-services-maps:17.0.0] AndroidManifest.xml:23:5-79
18-->[com.google.android.gms:play-services-maps:17.0.0] AndroidManifest.xml:23:22-76
19
20    <uses-feature
20-->[com.google.android.gms:play-services-maps:17.0.0] AndroidManifest.xml:26:5-28:35
21        android:glEsVersion="0x00020000"
21-->[com.google.android.gms:play-services-maps:17.0.0] AndroidManifest.xml:27:9-41
22        android:required="true" />
22-->[com.google.android.gms:play-services-maps:17.0.0] AndroidManifest.xml:28:9-32
23
24    <application
24-->src\main\AndroidManifest.xml:15:5-51:19
25        android:allowBackup="true"
25-->src\main\AndroidManifest.xml:16:9-35
26        android:appComponentFactory="androidx.core.app.CoreComponentFactory"
26-->[androidx.core:core:1.5.0] AndroidManifest.xml:24:18-86
27        android:debuggable="true"
28        android:extractNativeLibs="false"
29        android:icon="@mipmap/ic_launcher"
29-->src\main\AndroidManifest.xml:17:9-43
30        android:label="@string/app_name"
30-->src\main\AndroidManifest.xml:18:9-41
31        android:roundIcon="@mipmap/ic_launcher_round"
31-->src\main\AndroidManifest.xml:19:9-54
32        android:supportsRtl="true"
32-->src\main\AndroidManifest.xml:20:9-35
33        android:testOnly="true"
34        android:theme="@style/Theme.S344224Mappe3" >
34-->src\main\AndroidManifest.xml:21:9-51
35        <activity
35-->src\main\AndroidManifest.xml:22:9-24:39
36            android:name="com.example.s344224mappe3.EndreHusActivity"
36-->src\main\AndroidManifest.xml:23:13-45
37            android:exported="true" />
37-->src\main\AndroidManifest.xml:24:13-36
38        <activity
38-->src\main\AndroidManifest.xml:25:9-28:58
39            android:name="com.example.s344224mappe3.LeggTilHusActivity"
39-->src\main\AndroidManifest.xml:26:13-47
40            android:exported="true"
40-->src\main\AndroidManifest.xml:27:13-36
41            android:parentActivityName="com.example.s344224mappe3.MapsActivity" />
41-->src\main\AndroidManifest.xml:28:13-55
42        <!--
43             The API key for Google Maps-based APIs is defined as a string resource.
44             (See the file "res/values/google_maps_api.xml").
45             Note that the API key is linked to the encryption key used to sign the APK.
46             You need a different API key for each encryption key, including the release key that is used to
47             sign the APK for publishing.
48             You can define the keys for the debug and release targets in src/debug/ and src/release/.
49        -->
50        <meta-data
50-->src\main\AndroidManifest.xml:37:9-39:55
51            android:name="com.google.android.geo.API_KEY"
51-->src\main\AndroidManifest.xml:38:13-58
52            android:value="@string/google_maps_key" />
52-->src\main\AndroidManifest.xml:39:13-52
53
54        <activity
54-->src\main\AndroidManifest.xml:41:9-50:20
55            android:name="com.example.s344224mappe3.MapsActivity"
55-->src\main\AndroidManifest.xml:42:13-41
56            android:exported="true"
56-->src\main\AndroidManifest.xml:43:13-36
57            android:label="@string/title_activity_maps" >
57-->src\main\AndroidManifest.xml:44:13-56
58            <intent-filter>
58-->src\main\AndroidManifest.xml:45:13-49:29
59                <action android:name="android.intent.action.MAIN" />
59-->src\main\AndroidManifest.xml:46:17-69
59-->src\main\AndroidManifest.xml:46:25-66
60
61                <category android:name="android.intent.category.LAUNCHER" />
61-->src\main\AndroidManifest.xml:48:17-77
61-->src\main\AndroidManifest.xml:48:27-74
62            </intent-filter>
63        </activity>
64        <activity
64-->[com.google.android.libraries.places:places:2.5.0] AndroidManifest.xml:14:9-20:20
65            android:name="com.google.android.libraries.places.widget.AutocompleteActivity"
65-->[com.google.android.libraries.places:places:2.5.0] AndroidManifest.xml:15:13-91
66            android:exported="false"
66-->[com.google.android.libraries.places:places:2.5.0] AndroidManifest.xml:16:13-37
67            android:label="@string/places_autocomplete_label"
67-->[com.google.android.libraries.places:places:2.5.0] AndroidManifest.xml:17:13-62
68            android:theme="@style/PlacesAutocompleteOverlay"
68-->[com.google.android.libraries.places:places:2.5.0] AndroidManifest.xml:18:13-61
69            android:windowSoftInputMode="adjustResize" >
69-->[com.google.android.libraries.places:places:2.5.0] AndroidManifest.xml:19:13-55
70        </activity> <!-- Needs to be explicitly declared on P+ -->
71        <uses-library
71-->[com.google.android.gms:play-services-maps:17.0.0] AndroidManifest.xml:33:9-35:40
72            android:name="org.apache.http.legacy"
72-->[com.google.android.gms:play-services-maps:17.0.0] AndroidManifest.xml:34:13-50
73            android:required="false" />
73-->[com.google.android.gms:play-services-maps:17.0.0] AndroidManifest.xml:35:13-37
74
75        <activity
75-->[com.google.android.gms:play-services-base:17.2.1] AndroidManifest.xml:23:9-26:75
76            android:name="com.google.android.gms.common.api.GoogleApiActivity"
76-->[com.google.android.gms:play-services-base:17.2.1] AndroidManifest.xml:24:13-79
77            android:exported="false"
77-->[com.google.android.gms:play-services-base:17.2.1] AndroidManifest.xml:25:13-37
78            android:theme="@android:style/Theme.Translucent.NoTitleBar" />
78-->[com.google.android.gms:play-services-base:17.2.1] AndroidManifest.xml:26:13-72
79
80        <meta-data
80-->[com.google.android.gms:play-services-basement:17.2.1] AndroidManifest.xml:23:9-25:69
81            android:name="com.google.android.gms.version"
81-->[com.google.android.gms:play-services-basement:17.2.1] AndroidManifest.xml:24:13-58
82            android:value="@integer/google_play_services_version" />
82-->[com.google.android.gms:play-services-basement:17.2.1] AndroidManifest.xml:25:13-66
83
84        <service
84-->[com.google.android.datatransport:transport-backend-cct:2.3.0] AndroidManifest.xml:29:9-35:19
85            android:name="com.google.android.datatransport.runtime.backends.TransportBackendDiscovery"
85-->[com.google.android.datatransport:transport-backend-cct:2.3.0] AndroidManifest.xml:30:13-103
86            android:exported="false" >
86-->[com.google.android.datatransport:transport-backend-cct:2.3.0] AndroidManifest.xml:31:13-37
87            <meta-data
87-->[com.google.android.datatransport:transport-backend-cct:2.3.0] AndroidManifest.xml:32:13-34:39
88                android:name="backend:com.google.android.datatransport.cct.CctBackendFactory"
88-->[com.google.android.datatransport:transport-backend-cct:2.3.0] AndroidManifest.xml:33:17-94
89                android:value="cct" />
89-->[com.google.android.datatransport:transport-backend-cct:2.3.0] AndroidManifest.xml:34:17-36
90        </service>
91        <service
91-->[com.google.android.datatransport:transport-runtime:2.2.3] AndroidManifest.xml:26:9-30:19
92            android:name="com.google.android.datatransport.runtime.scheduling.jobscheduling.JobInfoSchedulerService"
92-->[com.google.android.datatransport:transport-runtime:2.2.3] AndroidManifest.xml:27:13-117
93            android:exported="false"
93-->[com.google.android.datatransport:transport-runtime:2.2.3] AndroidManifest.xml:28:13-37
94            android:permission="android.permission.BIND_JOB_SERVICE" >
94-->[com.google.android.datatransport:transport-runtime:2.2.3] AndroidManifest.xml:29:13-69
95        </service>
96
97        <receiver
97-->[com.google.android.datatransport:transport-runtime:2.2.3] AndroidManifest.xml:32:9-34:40
98            android:name="com.google.android.datatransport.runtime.scheduling.jobscheduling.AlarmManagerSchedulerBroadcastReceiver"
98-->[com.google.android.datatransport:transport-runtime:2.2.3] AndroidManifest.xml:33:13-132
99            android:exported="false" />
99-->[com.google.android.datatransport:transport-runtime:2.2.3] AndroidManifest.xml:34:13-37
100    </application>
101
102</manifest>